<?xml version="1.0" encoding="UTF-8"?>
<!-- Generated by org.testng.reporters.JUnitReportReporter -->
<testsuite hostname="Gani_49" failures="0" tests="1" name="runners.TestRunner" time="9.689" errors="0" timestamp="2025-06-11T18:51:22 IST" skipped="0">
  <testcase classname="runners.TestRunner" name="runScenario" time="9.689"/>
</testsuite> <!-- runners.TestRunner -->
