<?xml version="1.0" encoding="UTF-8"?>
<!-- Generated by org.testng.reporters.JUnitReportReporter -->
<testsuite hostname="Gani_49" failures="0" tests="2" name="runners.TestRunner" time="16.023" errors="0" timestamp="2025-06-11T19:33:40 IST" skipped="0">
  <testcase classname="runners.TestRunner" name="runScenario" time="8.572"/>
  <testcase classname="runners.TestRunner" name="runScenario" time="7.451"/>
</testsuite> <!-- runners.TestRunner -->
